<?xml version="1.0" encoding="UTF-8"?>
<!-- Generated by org.testng.reporters.JUnitXMLReporter -->
<testsuite ignored="0" hostname="ATPL-SENJUTI-BHADRA" failures="1" tests="7" name="Origin Loan Process Test" time="66.766" errors="0" timestamp="2023-04-06T14:51:49 IST">
  <testcase classname="tests.LoginPage" name="Login" time="5.973"/>
  <testcase classname="tests.LeadCreation" name="PMatLeadCreation" time="5.299"/>
  <testcase classname="tests.LoanCreation" name="PMatLoanCreation" time="6.492"/>
  <testcase classname="tests.StatusChange" name="statusChange" time="13.435"/>
  <testcase classname="tests.StatusChange" name="statusChangeCreditApproved" time="13.434"/>
  <testcase classname="tests.StatusChange" name="statusChangeDisbursementApproved" time="15.141"/>
  <testcase classname="tests.Disbursement" name="disbursement" time="6.951">
    <failure type="org.openqa.selenium.NoSuchElementException" message="Unable to find element with locator By.xpath: //textarea[@placeholder=&amp;apos;Success requests&amp;apos;]
For documentation on this error, please visit: https://selenium.dev/exceptions/#no_such_element
Build info: version: &amp;apos;4.6.0&amp;apos;, revision: &amp;apos;79f1c02ae20&amp;apos;
System info: os.name: &amp;apos;Windows 11&amp;apos;, os.arch: &amp;apos;amd64&amp;apos;, os.version: &amp;apos;10.0&amp;apos;, java.version: &amp;apos;19.0.1&amp;apos;
Driver info: driver.version: RemoteWebDriver">
      <![CDATA[org.openqa.selenium.NoSuchElementException: Unable to find element with locator By.xpath: //textarea[@placeholder='Success requests']
For documentation on this error, please visit: https://selenium.dev/exceptions/#no_such_element
Build info: version: '4.6.0', revision: '79f1c02ae20'
System info: os.name: 'Windows 11', os.arch: 'amd64', os.version: '10.0', java.version: '19.0.1'
Driver info: driver.version: RemoteWebDriver
at org.openqa.selenium.remote.ElementLocation$ElementFinder$2.findElement(ElementLocation.java:165)
at org.openqa.selenium.remote.ElementLocation.findElement(ElementLocation.java:60)
at org.openqa.selenium.remote.RemoteWebDriver.findElement(RemoteWebDriver.java:365)
at org.openqa.selenium.remote.RemoteWebDriver.findElement(RemoteWebDriver.java:357)
at pages.OriginPages.textArea(OriginPages.java:323)
at tests.Disbursement.disbursement(Disbursement.java:68)
at java.base/java.util.ArrayList.forEach(ArrayList.java:1511)
... Removed 25 stack frames]]>
    </failure>
  </testcase> <!-- disbursement -->
</testsuite> <!-- Origin Loan Process Test -->
